<?xml version="1.0" encoding="UTF-8"?>
<testng-results skipped="0" failed="0" ignored="0" total="1" passed="1">
  <reporter-output>
    <line>
      <![CDATA[Data:Username]]>
    </line>
    <line>
      <![CDATA[Row:1]]>
    </line>
    <line>
      <![CDATA[Test:testAis Passed]]>
    </line>
  </reporter-output>
  <suite name="Default suite" duration-ms="17951" started-at="2018-09-28T10:05:18Z" finished-at="2018-09-28T10:05:36Z">
    <groups>
    </groups>
    <test name="Default test" duration-ms="17951" started-at="2018-09-28T10:05:18Z" finished-at="2018-09-28T10:05:36Z">
      <class name="script.TestDemo">
        <test-method status="PASS" signature="openApplication(java.lang.String, java.lang.String)[pri:0, instance:script.TestDemo@77cd7a0]" name="openApplication" is-config="true" duration-ms="14715" started-at="2018-09-28T10:05:18Z" finished-at="2018-09-28T10:05:33Z">
          <params>
            <param index="0">
              <value>
                <![CDATA[localhost]]>
              </value>
            </param>
            <param index="1">
              <value>
                <![CDATA[chrome]]>
              </value>
            </param>
          </params>
          <reporter-output>
          </reporter-output>
        </test-method> <!-- openApplication -->
        <test-method status="PASS" signature="testA()[pri:0, instance:script.TestDemo@77cd7a0]" name="testA" duration-ms="2440" started-at="2018-09-28T10:05:33Z" finished-at="2018-09-28T10:05:35Z">
          <reporter-output>
            <line>
              <![CDATA[Data:Username]]>
            </line>
            <line>
              <![CDATA[Row:1]]>
            </line>
          </reporter-output>
        </test-method> <!-- testA -->
        <test-method status="PASS" signature="closeApplication(org.testng.ITestResult)[pri:0, instance:script.TestDemo@77cd7a0]" name="closeApplication" is-config="true" duration-ms="744" started-at="2018-09-28T10:05:35Z" finished-at="2018-09-28T10:05:36Z">
          <params>
            <param index="0">
              <value>
                <![CDATA[[TestResult name=testA status=SUCCESS method=TestDemo.testA()[pri:0, instance:script.TestDemo@77cd7a0] output=Data:Username]]]>
              </value>
            </param>
          </params>
          <reporter-output>
            <line>
              <![CDATA[Test:testAis Passed]]>
            </line>
          </reporter-output>
        </test-method> <!-- closeApplication -->
      </class> <!-- script.TestDemo -->
    </test> <!-- Default test -->
  </suite> <!-- Default suite -->
</testng-results>
